<?xml version="1.0" encoding="UTF-8"?>
<!-- Generated by org.testng.reporters.JUnitXMLReporter -->
<testsuite hostname="DESKTOP-MDH6837" ignored="0" name="Default test" tests="14" failures="0" timestamp="15 May 2020 12:20:47 GMT" time="4.644" errors="0">
  <testcase name="Verify_Url" time="0.019" classname="com.classes360.Login_TestCase"/>
  <testcase name="verifyApplicationTitle" time="0.004" classname="com.classes360.Login_TestCase"/>
  <testcase name="verify_title" time="0.048" classname="com.classes360.Login_TestCase"/>
  <testcase name="loginsession" time="0.016" classname="com.classes360.Login_TestCase"/>
  <testcase name="Check_PlaceHolder_Username" time="0.047" classname="com.classes360.Login_TestCase"/>
  <testcase name="Check_PlaceHolder_Password" time="0.047" classname="com.classes360.Login_TestCase"/>
  <testcase name="check_Button_color" time="0.214" classname="com.classes360.Login_TestCase"/>
  <testcase name="check_Links" time="0.073" classname="com.classes360.Login_TestCase"/>
  <testcase name="blank_username_password" time="0.298" classname="com.classes360.Login_TestCase"/>
  <testcase name="invalidusername_password" time="2.355" classname="com.classes360.Login_TestCase"/>
  <testcase name="valid_Username_Password" time="1.105" classname="com.classes360.Login_TestCase"/>
  <testcase name="Verify_Url_Dashboard" time="0.008" classname="com.classes360.Login_TestCase"/>
  <testcase name="verifyApplicationTitle_Dashboard" time="0.006" classname="com.classes360.Login_TestCase"/>
  <testcase name="click_OnUser" time="0.353" classname="com.classes360.Login_TestCase"/>
</testsuite> <!-- Default test -->
